app/build/intermediates/manifest_merge_blame_file/debug/manifest-merger-blame-debug-report.txt
1<?xml version="1.0" encoding="utf-8"?>
2<manifest xmlns:android="http://schemas.android.com/apk/res/android"
3    package="com.example.kotlindemo"
4    android:versionCode="1"
5    android:versionName="1.0" >
6
7    <uses-sdk
8        android:minSdkVersion="22"
8-->src\main\AndroidManifest.xml
9        android:targetSdkVersion="29" />
9-->src\main\AndroidManifest.xml
10
11    <supports-screens
11-->src\main\AndroidManifest.xml:6:5-11:40
12        android:anyDensity="true"
12-->src\main\AndroidManifest.xml:7:9-34
13        android:largeScreens="true"
13-->src\main\AndroidManifest.xml:8:9-36
14        android:normalScreens="true"
14-->src\main\AndroidManifest.xml:9:9-37
15        android:smallScreens="true"
15-->src\main\AndroidManifest.xml:10:9-36
16        android:xlargeScreens="true" />
16-->src\main\AndroidManifest.xml:11:9-37
17
18    <uses-permission android:name="android.permission.ACCESS_NETWORK_STATE" />
18-->src\main\AndroidManifest.xml:13:5-79
18-->src\main\AndroidManifest.xml:13:22-76
19    <uses-permission android:name="android.permission.INTERNET" />
19-->src\main\AndroidManifest.xml:14:5-67
19-->src\main\AndroidManifest.xml:14:22-64
20
21    <uses-feature
21-->src\main\AndroidManifest.xml:16:5-18:35
22        android:glEsVersion="0x00020000"
22-->src\main\AndroidManifest.xml:17:9-41
23        android:required="true" />
23-->src\main\AndroidManifest.xml:18:9-32
24
25    <application
25-->src\main\AndroidManifest.xml:20:5-42:19
26        android:name="com.priyanka.patel.ApplicationClass"
26-->src\main\AndroidManifest.xml:21:9-41
27        android:allowBackup="true"
27-->src\main\AndroidManifest.xml:22:9-35
28        android:appComponentFactory="androidx.core.app.CoreComponentFactory"
28-->[androidx.core:core:1.2.0] AndroidManifest.xml:24:18-86
29        android:debuggable="true"
30        android:icon="@mipmap/ic_launcher"
30-->src\main\AndroidManifest.xml:23:9-43
31        android:label="@string/app_name"
31-->src\main\AndroidManifest.xml:24:9-41
32        android:requestLegacyExternalStorage="true"
32-->src\main\AndroidManifest.xml:25:9-52
33        android:supportsRtl="true"
33-->src\main\AndroidManifest.xml:26:9-35
34        android:testOnly="true"
35        android:theme="@style/AppTheme" >
35-->src\main\AndroidManifest.xml:27:9-40
36        <activity android:name="com.priyanka.patel.activities.ImageDetailActivity" />
36-->src\main\AndroidManifest.xml:28:9-67
36-->src\main\AndroidManifest.xml:28:19-65
37        <activity
37-->src\main\AndroidManifest.xml:29:9-32:15
38            android:name="com.priyanka.patel.activities.LoginActivity"
38-->src\main\AndroidManifest.xml:29:19-59
39            android:configChanges="keyboardHidden|orientation|screenSize"
39-->src\main\AndroidManifest.xml:31:13-74
40            android:windowSoftInputMode="adjustPan|stateHidden" />
40-->src\main\AndroidManifest.xml:30:13-64
41        <activity android:name="com.priyanka.patel.activities.MainActivity" />
41-->src\main\AndroidManifest.xml:33:9-61
41-->src\main\AndroidManifest.xml:33:19-58
42        <activity android:name="com.priyanka.patel.activities.SplashActivity" >
42-->src\main\AndroidManifest.xml:34:9-40:20
42-->src\main\AndroidManifest.xml:34:19-60
43            <intent-filter>
43-->src\main\AndroidManifest.xml:35:13-39:29
44                <action android:name="android.intent.action.MAIN" />
44-->src\main\AndroidManifest.xml:36:17-69
44-->src\main\AndroidManifest.xml:36:25-66
45
46                <category android:name="android.intent.category.LAUNCHER" />
46-->src\main\AndroidManifest.xml:38:17-77
46-->src\main\AndroidManifest.xml:38:27-74
47            </intent-filter>
48        </activity>
49
50        <provider
50-->[androidx.lifecycle:lifecycle-process:2.1.0] AndroidManifest.xml:23:9-27:43
51            android:name="androidx.lifecycle.ProcessLifecycleOwnerInitializer"
51-->[androidx.lifecycle:lifecycle-process:2.1.0] AndroidManifest.xml:24:13-79
52            android:authorities="com.example.kotlindemo.lifecycle-process"
52-->[androidx.lifecycle:lifecycle-process:2.1.0] AndroidManifest.xml:25:13-69
53            android:exported="false"
53-->[androidx.lifecycle:lifecycle-process:2.1.0] AndroidManifest.xml:26:13-37
54            android:multiprocess="true" />
54-->[androidx.lifecycle:lifecycle-process:2.1.0] AndroidManifest.xml:27:13-40
55    </application>
56
57</manifest>